# pnp1d -- Dr. Uwe Hollerbach <uh@alumni.caltech.edu>

# PNP_CHANNEL_1D
# 6		number of spectral elements
# 12		polynomial order
# 2		number of species
# 1 9.610000000e-02 6.410000000e-01 2.892363000e-07		z C(L) C(R) D
# -1 9.610000000e-02 6.410000000e-01 1.795128000e-06		z C(L) C(R) D
# 4.000000000e+00 3.000000000e+01		channel radius & length
# 8.000000000e+01 2.000000000e+00		rel perm of channel & protein
# -2.000000000e-01 2.000001000e-01 1.000000000e-02		initial, final voltage; step

# normalizing concentration: 2.635978203e-04 mol/liter
# Donnan potentials: 6.079072182e+01 -5.810810202e+01 mV
# modified left & right normalized concentrations per species:
# 1 3.471751305e+01 2.301883953e+04 -> 9.151460766e-03 6.067715926e+00 mol/liter
# 2 3.828375590e+03 2.568910680e+02 -> 1.009151461e+00 6.771592557e-02 mol/liter

# solving Nernst-Planck equation via analytical integration of J = const

#  V_a (mV)       I (pA)      Cond. (pS)   Flux (#/sec)  Flux (#/sec) Occupancy (#) Occupancy (#)
-2.000000e+02 -2.052569e+01 +1.026284e+02 -4.565697e+07 +8.245423e+07 +3.347902e+00 +9.974874e-01
-1.900000e+02 -1.808347e+01 +9.517614e+01 -4.150568e+07 +7.136239e+07 +3.273310e+00 +9.324359e-01
-1.800000e+02 -1.579860e+01 +8.776998e+01 -3.753260e+07 +6.107444e+07 +3.198153e+00 +8.668700e-01
-1.700000e+02 -1.367916e+01 +8.046565e+01 -3.374871e+07 +5.162986e+07 +3.122946e+00 +8.013196e-01
-1.600000e+02 -1.173131e+01 +7.332068e+01 -3.016396e+07 +4.305708e+07 +3.048245e+00 +7.363631e-01
-1.500000e+02 -9.958904e+00 +6.639270e+01 -2.678708e+07 +3.537149e+07 +2.974641e+00 +6.726163e-01
-1.400000e+02 -8.363199e+00 +5.973714e+01 -2.362529e+07 +2.857367e+07 +2.902740e+00 +6.107153e-01
-1.300000e+02 -6.942595e+00 +5.340458e+01 -2.068409e+07 +2.264816e+07 +2.833141e+00 +5.512935e-01
-1.200000e+02 -5.692528e+00 +4.743773e+01 -1.796702e+07 +1.756293e+07 +2.766405e+00 +4.949526e-01
-1.100000e+02 -4.605518e+00 +4.186835e+01 -1.547554e+07 +1.326983e+07 +2.703022e+00 +4.422292e-01
-1.000000e+02 -3.671436e+00 +3.671436e+01 -1.320892e+07 +9.706376e+06 +2.643383e+00 +3.935612e-01
-9.000000e+01 -2.877980e+00 +3.197755e+01 -1.116419e+07 +6.798741e+06 +2.587746e+00 +3.492580e-01
-8.000000e+01 -2.211326e+00 +2.764157e+01 -9.336238e+06 +4.465767e+06 +2.536224e+00 +3.094809e-01
-7.000000e+01 -1.656891e+00 +2.366987e+01 -7.717906e+06 +2.623588e+06 +2.488784e+00 +2.742373e-01
-6.000000e+01 -1.200073e+00 +2.000122e+01 -6.300104e+06 +1.190162e+06 +2.445261e+00 +2.433909e-01
-5.000000e+01 -8.268928e-01 +1.653786e+01 -5.071951e+06 +8.910617e+04 +2.405382e+00 +2.166844e-01
-4.000000e+01 -5.244415e-01 +1.311104e+01 -4.020907e+06 -7.476017e+05 +2.368809e+00 +1.937727e-01
-3.000000e+01 -2.811375e-01 +9.371251e+00 -3.132918e+06 -1.378196e+06 +2.335172e+00 +1.742570e-01
-2.000000e+01 -8.680355e-02 +4.340177e+00 -2.392640e+06 -1.850855e+06 +2.304096e+00 +1.577180e-01
-1.000000e+01 +6.737405e-02 -6.737405e+00 -1.783773e+06 -2.204288e+06 +2.275232e+00 +1.437424e-01
+4.305249e-14 +1.889476e-01 +4.388773e+15 -1.289534e+06 -2.468851e+06 +2.248267e+00 +1.319420e-01
+1.000000e+01 +2.843296e-01 +2.843296e+01 -8.932240e+05 -2.667869e+06 +2.222927e+00 +1.219655e-01
+2.000000e+01 +3.589106e-01 +1.794553e+01 -5.788271e+05 -2.818970e+06 +2.198982e+00 +1.135048e-01
+3.000000e+01 +4.171679e-01 +1.390560e+01 -3.315404e+05 -2.935297e+06 +2.176237e+00 +1.062958e-01
+4.000000e+01 +4.627680e-01 +1.156920e+01 -1.381681e+05 -3.026538e+06 +2.154531e+00 +1.001167e-01
+5.000000e+01 +4.986668e-01 +9.973336e+00 +1.266346e+04 -3.099768e+06 +2.133731e+00 +9.478374e-02
+6.000000e+01 +5.272093e-01 +8.786821e+00 +1.304626e+05 -3.160117e+06 +2.113724e+00 +9.014657e-02
+7.000000e+01 +5.502268e-01 +7.860383e+00 +2.229665e+05 -3.211278e+06 +2.094415e+00 +8.608319e-02
+8.000000e+01 +5.691292e-01 +7.114115e+00 +2.963267e+05 -3.255897e+06 +2.075724e+00 +8.249500e-02
+9.000000e+01 +5.849873e-01 +6.499859e+00 +3.553378e+05 -3.295864e+06 +2.057584e+00 +7.930258e-02
+1.000000e+02 +5.986059e-01 +5.986059e+00 +4.036754e+05 -3.332527e+06 +2.039935e+00 +7.644189e-02
+1.100000e+02 +6.105839e-01 +5.550762e+00 +4.441190e+05 -3.366844e+06 +2.022730e+00 +7.386125e-02
+1.200000e+02 +6.213632e-01 +5.178027e+00 +4.787466e+05 -3.399496e+06 +2.005923e+00 +7.151877e-02
+1.300000e+02 +6.312684e-01 +4.855911e+00 +5.090973e+05 -3.430969e+06 +1.989480e+00 +6.938034e-02
+1.400000e+02 +6.405364e-01 +4.575260e+00 +5.363030e+05 -3.461609e+06 +1.973368e+00 +6.741803e-02
+1.500000e+02 +6.493396e-01 +4.328931e+00 +5.611909e+05 -3.491666e+06 +1.957558e+00 +6.560883e-02
+1.600000e+02 +6.578032e-01 +4.111270e+00 +5.843630e+05 -3.521320e+06 +1.942027e+00 +6.393364e-02
+1.700000e+02 +6.660181e-01 +3.917754e+00 +6.062559e+05 -3.550700e+06 +1.926754e+00 +6.237650e-02
+1.800000e+02 +6.740504e-01 +3.744724e+00 +6.271853e+05 -3.579904e+06 +1.911720e+00 +6.092398e-02
+1.900000e+02 +6.819480e-01 +3.589200e+00 +6.473796e+05 -3.609003e+06 +1.896909e+00 +5.956471e-02
+2.000000e+02 +6.897462e-01 +3.448731e+00 +6.670039e+05 -3.638051e+06 +1.882305e+00 +5.828897e-02
